Export/Android/testapp/build/intermediates/manifest_merge_blame_file/debug/manifest-merger-blame-debug-report.txt
1<?xml version="1.0" encoding="utf-8"?>
2<manifest xmlns:android="http://schemas.android.com/apk/res/android"
3    package="com.ivy.test"
4    android:versionCode="1"
5    android:versionName="1.0" >
6
7    <uses-sdk
8        android:minSdkVersion="21"
8-->src\main\AndroidManifest.xml
9        android:targetSdkVersion="33" />
9-->src\main\AndroidManifest.xml
10
11    <uses-permission android:name="android.permission.INTERNET" />
11-->[:ivysdk-ad] AndroidManifest.xml:8:5-67
11-->[:ivysdk-ad] AndroidManifest.xml:8:22-64
12    <uses-permission android:name="android.permission.ACCESS_NETWORK_STATE" />
12-->[:ivysdk-ad] AndroidManifest.xml:9:5-79
12-->[:ivysdk-ad] AndroidManifest.xml:9:22-76
13    <uses-permission android:name="android.permission.ACCESS_WIFI_STATE" />
13-->[:ivysdk-ad] AndroidManifest.xml:10:5-76
13-->[:ivysdk-ad] AndroidManifest.xml:10:22-73
14    <uses-permission android:name="com.google.android.gms.permission.AD_ID" /> <!-- 如果有视频相关的广告且使用textureView播放，请务必添加，否则黑屏 -->
14-->[:ivysdk-ad] AndroidManifest.xml:11:5-79
14-->[:ivysdk-ad] AndroidManifest.xml:11:22-76
15    <uses-permission android:name="android.permission.WAKE_LOCK" />
15-->[:ivysdk-ad] AndroidManifest.xml:13:5-68
15-->[:ivysdk-ad] AndroidManifest.xml:13:22-65
16
17    <queries>
17-->[com.facebook.android:facebook-common:14.1.1] AndroidManifest.xml:29:5-31:15
18        <package android:name="com.facebook.katana" />
18-->[com.facebook.android:facebook-common:14.1.1] AndroidManifest.xml:30:9-55
18-->[com.facebook.android:facebook-common:14.1.1] AndroidManifest.xml:30:18-52
19
20        <intent>
20-->[com.appsflyer:af-android-sdk:6.12.1] AndroidManifest.xml:12:9-14:18
21            <action android:name="com.appsflyer.referrer.INSTALL_PROVIDER" />
21-->[com.appsflyer:af-android-sdk:6.12.1] AndroidManifest.xml:13:13-78
21-->[com.appsflyer:af-android-sdk:6.12.1] AndroidManifest.xml:13:21-75
22        </intent> <!-- For browser content -->
23        <intent>
23-->[com.google.android.gms:play-services-ads-lite:22.0.0] AndroidManifest.xml:35:9-41:18
24            <action android:name="android.intent.action.VIEW" />
24-->[com.facebook.android:facebook-common:14.1.1] AndroidManifest.xml:44:17-69
24-->[com.facebook.android:facebook-common:14.1.1] AndroidManifest.xml:44:25-66
25
26            <category android:name="android.intent.category.BROWSABLE" />
26-->[com.facebook.android:facebook-common:14.1.1] AndroidManifest.xml:47:17-78
26-->[com.facebook.android:facebook-common:14.1.1] AndroidManifest.xml:47:27-75
27
28            <data android:scheme="https" />
28-->[com.facebook.android:facebook-common:14.1.1] AndroidManifest.xml:49:17-51:50
28-->[com.facebook.android:facebook-common:14.1.1] AndroidManifest.xml:51:21-47
29        </intent> <!-- End of browser content -->
30        <!-- For CustomTabsService -->
31        <intent>
31-->[com.google.android.gms:play-services-ads-lite:22.0.0] AndroidManifest.xml:44:9-46:18
32            <action android:name="android.support.customtabs.action.CustomTabsService" />
32-->[com.google.android.gms:play-services-ads-lite:22.0.0] AndroidManifest.xml:45:13-90
32-->[com.google.android.gms:play-services-ads-lite:22.0.0] AndroidManifest.xml:45:21-87
33        </intent>
34        <intent>
34-->[com.applovin:applovin-sdk:11.9.0] AndroidManifest.xml:12:9-14:18
35            <action android:name="com.applovin.am.intent.action.APPHUB_SERVICE" />
35-->[com.applovin:applovin-sdk:11.9.0] AndroidManifest.xml:13:13-83
35-->[com.applovin:applovin-sdk:11.9.0] AndroidManifest.xml:13:21-80
36        </intent>
37    </queries>
38
39    <uses-permission android:name="com.applovin.array.apphub.permission.BIND_APPHUB_SERVICE" />
39-->[com.applovin:applovin-sdk:11.9.0] AndroidManifest.xml:20:5-96
39-->[com.applovin:applovin-sdk:11.9.0] AndroidManifest.xml:20:22-93
40    <uses-permission android:name="com.google.android.finsky.permission.BIND_GET_INSTALL_REFERRER_SERVICE" />
40-->[com.google.android.gms:play-services-measurement:21.5.1] AndroidManifest.xml:26:5-110
40-->[com.google.android.gms:play-services-measurement:21.5.1] AndroidManifest.xml:26:22-107
41    <uses-permission android:name="android.permission.ACCESS_ADSERVICES_ATTRIBUTION" />
41-->[com.google.android.gms:play-services-measurement-api:21.5.1] AndroidManifest.xml:26:5-88
41-->[com.google.android.gms:play-services-measurement-api:21.5.1] AndroidManifest.xml:26:22-85
42    <uses-permission android:name="android.permission.ACCESS_ADSERVICES_AD_ID" />
42-->[com.google.android.gms:play-services-measurement-api:21.5.1] AndroidManifest.xml:27:5-82
42-->[com.google.android.gms:play-services-measurement-api:21.5.1] AndroidManifest.xml:27:22-79
43    <uses-permission android:name="android.permission.FOREGROUND_SERVICE" />
43-->[androidx.work:work-runtime:2.7.0] AndroidManifest.xml:28:5-77
43-->[androidx.work:work-runtime:2.7.0] AndroidManifest.xml:28:22-74
44
45    <permission
45-->[androidx.core:core:1.9.0] AndroidManifest.xml:22:5-24:47
46        android:name="com.ivy.test.DYNAMIC_RECEIVER_NOT_EXPORTED_PERMISSION"
46-->[androidx.core:core:1.9.0] AndroidManifest.xml:23:9-81
47        android:protectionLevel="signature" />
47-->[androidx.core:core:1.9.0] AndroidManifest.xml:24:9-44
48
49    <uses-permission android:name="com.ivy.test.DYNAMIC_RECEIVER_NOT_EXPORTED_PERMISSION" />
49-->[androidx.core:core:1.9.0] AndroidManifest.xml:26:5-97
49-->[androidx.core:core:1.9.0] AndroidManifest.xml:26:22-94
50
51    <application
51-->src\main\AndroidManifest.xml:4:5-21:19
52        android:allowBackup="true"
52-->src\main\AndroidManifest.xml:5:9-35
53        android:appComponentFactory="androidx.core.app.CoreComponentFactory"
53-->[androidx.core:core:1.9.0] AndroidManifest.xml:28:18-86
54        android:debuggable="true"
55        android:fullBackupContent="@xml/sdk_full_backup_contents"
55-->[:ivysdk-ad] AndroidManifest.xml:16:9-66
56        android:hardwareAccelerated="true"
56-->[:ivysdk-ad] AndroidManifest.xml:17:9-43
57        android:icon="@mipmap/ic_launcher"
57-->src\main\AndroidManifest.xml:6:9-43
58        android:label="@string/app_name"
58-->src\main\AndroidManifest.xml:7:9-41
59        android:networkSecurityConfig="@xml/network_security_config"
59-->[:ivysdk-ad] AndroidManifest.xml:18:9-69
60        android:roundIcon="@mipmap/ic_launcher_round"
60-->src\main\AndroidManifest.xml:8:9-54
61        android:supportsRtl="true"
61-->src\main\AndroidManifest.xml:9:9-35
62        android:testOnly="true"
63        android:theme="@style/Theme.AppCompat.DayNight.NoActionBar"
63-->src\main\AndroidManifest.xml:10:9-68
64        android:usesCleartextTraffic="true" >
64-->[:ivysdk-ad] AndroidManifest.xml:19:9-44
65        <activity
65-->src\main\AndroidManifest.xml:12:9-18:20
66            android:name="com.ivy.test.MainActivity"
66-->src\main\AndroidManifest.xml:12:19-47
67            android:exported="true" >
67-->src\main\AndroidManifest.xml:13:13-36
68            <intent-filter>
68-->src\main\AndroidManifest.xml:14:13-17:29
69                <action android:name="android.intent.action.MAIN" />
69-->src\main\AndroidManifest.xml:15:17-69
69-->src\main\AndroidManifest.xml:15:25-66
70
71                <category android:name="android.intent.category.LAUNCHER" />
71-->src\main\AndroidManifest.xml:16:17-77
71-->src\main\AndroidManifest.xml:16:27-74
72            </intent-filter>
73        </activity>
74
75        <meta-data
75-->[:ivysdk-ad] AndroidManifest.xml:21:9-23:69
76            android:name="com.google.android.gms.version"
76-->[:ivysdk-ad] AndroidManifest.xml:22:13-58
77            android:value="@integer/google_play_services_version" />
77-->[:ivysdk-ad] AndroidManifest.xml:23:13-66
78        <meta-data
78-->[:ivysdk-ad] AndroidManifest.xml:24:9-26:62
79            android:name="com.google.android.gms.ads.APPLICATION_ID"
79-->[:ivysdk-ad] AndroidManifest.xml:25:13-69
80            android:value="ca-app-pub-1914768831611213~5856809174" />
80-->[:ivysdk-ad] AndroidManifest.xml:26:13-59
81        <meta-data
81-->[:ivysdk-ad] AndroidManifest.xml:27:9-29:44
82            android:name="ivy.debug"
82-->[:ivysdk-ad] AndroidManifest.xml:28:13-37
83            android:value="true" />
83-->[:ivysdk-ad] AndroidManifest.xml:29:13-41
84        <meta-data
84-->[:ivysdk-ad] AndroidManifest.xml:30:9-32:36
85            android:name="com.google.android.gms.ads.AD_MANAGER_APP"
85-->[:ivysdk-ad] AndroidManifest.xml:31:13-69
86            android:value="true" />
86-->[:ivysdk-ad] AndroidManifest.xml:32:13-33
87        <meta-data
87-->[:ivysdk-ad] AndroidManifest.xml:33:9-35:36
88            android:name="com.google.android.gms.ads.flag.OPTIMIZE_INITIALIZATION"
88-->[:ivysdk-ad] AndroidManifest.xml:34:13-83
89            android:value="true" />
89-->[:ivysdk-ad] AndroidManifest.xml:35:13-33
90        <meta-data
90-->[:ivysdk-ad] AndroidManifest.xml:36:9-38:36
91            android:name="com.google.android.gms.ads.flag.OPTIMIZE_AD_LOADING"
91-->[:ivysdk-ad] AndroidManifest.xml:37:13-79
92            android:value="true" />
92-->[:ivysdk-ad] AndroidManifest.xml:38:13-33
93
94        <activity
94-->[com.facebook.android:facebook-common:14.1.1] AndroidManifest.xml:34:9-37:66
95            android:name="com.facebook.FacebookActivity"
95-->[com.facebook.android:facebook-common:14.1.1] AndroidManifest.xml:35:13-57
96            android:configChanges="keyboard|keyboardHidden|screenLayout|screenSize|orientation"
96-->[com.facebook.android:facebook-common:14.1.1] AndroidManifest.xml:36:13-96
97            android:theme="@style/com_facebook_activity_theme" />
97-->[com.facebook.android:facebook-common:14.1.1] AndroidManifest.xml:37:13-63
98        <activity android:name="com.facebook.CustomTabMainActivity" />
98-->[com.facebook.android:facebook-common:14.1.1] AndroidManifest.xml:38:9-71
98-->[com.facebook.android:facebook-common:14.1.1] AndroidManifest.xml:38:19-68
99        <activity
99-->[com.facebook.android:facebook-common:14.1.1] AndroidManifest.xml:39:9-53:20
100            android:name="com.facebook.CustomTabActivity"
100-->[com.facebook.android:facebook-common:14.1.1] AndroidManifest.xml:40:13-58
101            android:exported="true" >
101-->[com.facebook.android:facebook-common:14.1.1] AndroidManifest.xml:41:13-36
102            <intent-filter>
102-->[com.facebook.android:facebook-common:14.1.1] AndroidManifest.xml:43:13-52:29
103                <action android:name="android.intent.action.VIEW" />
103-->[com.facebook.android:facebook-common:14.1.1] AndroidManifest.xml:44:17-69
103-->[com.facebook.android:facebook-common:14.1.1] AndroidManifest.xml:44:25-66
104
105                <category android:name="android.intent.category.DEFAULT" />
105-->[com.facebook.android:facebook-common:14.1.1] AndroidManifest.xml:46:17-76
105-->[com.facebook.android:facebook-common:14.1.1] AndroidManifest.xml:46:27-73
106                <category android:name="android.intent.category.BROWSABLE" />
106-->[com.facebook.android:facebook-common:14.1.1] AndroidManifest.xml:47:17-78
106-->[com.facebook.android:facebook-common:14.1.1] AndroidManifest.xml:47:27-75
107
108                <data
108-->[com.facebook.android:facebook-common:14.1.1] AndroidManifest.xml:49:17-51:50
109                    android:host="cct.com.ivy.test"
109-->[com.facebook.android:facebook-common:14.1.1] AndroidManifest.xml:50:21-56
110                    android:scheme="fbconnect" />
110-->[com.facebook.android:facebook-common:14.1.1] AndroidManifest.xml:51:21-47
111            </intent-filter>
112        </activity>
113        <activity
113-->[com.yandex.android:mobileads:5.8.0] AndroidManifest.xml:25:9-28:75
114            android:name="com.yandex.mobile.ads.common.AdActivity"
114-->[com.yandex.android:mobileads:5.8.0] AndroidManifest.xml:26:13-67
115            android:configChanges="keyboard|keyboardHidden|orientation|screenLayout|uiMode|screenSize|smallestScreenSize"
115-->[com.yandex.android:mobileads:5.8.0] AndroidManifest.xml:27:13-122
116            android:theme="@android:style/Theme.Translucent.NoTitleBar" />
116-->[com.yandex.android:mobileads:5.8.0] AndroidManifest.xml:28:13-72
117
118        <provider
118-->[com.yandex.android:mobileads:5.8.0] AndroidManifest.xml:30:9-33:40
119            android:name="com.yandex.mobile.ads.core.initializer.MobileAdsInitializeProvider"
119-->[com.yandex.android:mobileads:5.8.0] AndroidManifest.xml:31:13-94
120            android:authorities="com.ivy.test.MobileAdsInitializeProvider"
120-->[com.yandex.android:mobileads:5.8.0] AndroidManifest.xml:32:13-79
121            android:exported="false" />
121-->[com.yandex.android:mobileads:5.8.0] AndroidManifest.xml:33:13-37
122
123        <service
123-->[com.google.firebase:firebase-config:21.6.1] AndroidManifest.xml:26:9-35:19
124            android:name="com.google.firebase.components.ComponentDiscoveryService"
124-->[com.google.firebase:firebase-config:21.6.1] AndroidManifest.xml:27:13-84
125            android:directBootAware="true"
125-->[com.google.firebase:firebase-common:20.4.2] AndroidManifest.xml:32:13-43
126            android:exported="false" >
126-->[com.google.firebase:firebase-config:21.6.1] AndroidManifest.xml:28:13-37
127            <meta-data
127-->[com.google.firebase:firebase-config:21.6.1] AndroidManifest.xml:29:13-31:85
128                android:name="com.google.firebase.components:com.google.firebase.remoteconfig.FirebaseRemoteConfigKtxRegistrar"
128-->[com.google.firebase:firebase-config:21.6.1] AndroidManifest.xml:30:17-128
129                android:value="com.google.firebase.components.ComponentRegistrar" />
129-->[com.google.firebase:firebase-config:21.6.1] AndroidManifest.xml:31:17-82
130            <meta-data
130-->[com.google.firebase:firebase-config:21.6.1] AndroidManifest.xml:32:13-34:85
131                android:name="com.google.firebase.components:com.google.firebase.remoteconfig.RemoteConfigRegistrar"
131-->[com.google.firebase:firebase-config:21.6.1] AndroidManifest.xml:33:17-117
132                android:value="com.google.firebase.components.ComponentRegistrar" />
132-->[com.google.firebase:firebase-config:21.6.1] AndroidManifest.xml:34:17-82
133            <meta-data
133-->[com.google.android.gms:play-services-measurement-api:21.5.1] AndroidManifest.xml:37:13-39:85
134                android:name="com.google.firebase.components:com.google.firebase.analytics.connector.internal.AnalyticsConnectorRegistrar"
134-->[com.google.android.gms:play-services-measurement-api:21.5.1] AndroidManifest.xml:38:17-139
135                android:value="com.google.firebase.components.ComponentRegistrar" />
135-->[com.google.android.gms:play-services-measurement-api:21.5.1] AndroidManifest.xml:39:17-82
136            <meta-data
136-->[com.google.firebase:firebase-abt:21.1.1] AndroidManifest.xml:12:13-14:85
137                android:name="com.google.firebase.components:com.google.firebase.abt.component.AbtRegistrar"
137-->[com.google.firebase:firebase-abt:21.1.1] AndroidManifest.xml:13:17-109
138                android:value="com.google.firebase.components.ComponentRegistrar" />
138-->[com.google.firebase:firebase-abt:21.1.1] AndroidManifest.xml:14:17-82
139            <meta-data
139-->[com.google.firebase:firebase-installations:17.2.0] AndroidManifest.xml:15:13-17:85
140                android:name="com.google.firebase.components:com.google.firebase.installations.FirebaseInstallationsKtxRegistrar"
140-->[com.google.firebase:firebase-installations:17.2.0] AndroidManifest.xml:16:17-130
141                android:value="com.google.firebase.components.ComponentRegistrar" />
141-->[com.google.firebase:firebase-installations:17.2.0] AndroidManifest.xml:17:17-82
142            <meta-data
142-->[com.google.firebase:firebase-installations:17.2.0] AndroidManifest.xml:18:13-20:85
143                android:name="com.google.firebase.components:com.google.firebase.installations.FirebaseInstallationsRegistrar"
143-->[com.google.firebase:firebase-installations:17.2.0] AndroidManifest.xml:19:17-127
144                android:value="com.google.firebase.components.ComponentRegistrar" />
144-->[com.google.firebase:firebase-installations:17.2.0] AndroidManifest.xml:20:17-82
145            <meta-data
145-->[com.google.firebase:firebase-common-ktx:20.4.2] AndroidManifest.xml:12:13-14:85
146                android:name="com.google.firebase.components:com.google.firebase.ktx.FirebaseCommonLegacyRegistrar"
146-->[com.google.firebase:firebase-common-ktx:20.4.2] AndroidManifest.xml:13:17-116
147                android:value="com.google.firebase.components.ComponentRegistrar" />
147-->[com.google.firebase:firebase-common-ktx:20.4.2] AndroidManifest.xml:14:17-82
148            <meta-data
148-->[com.google.firebase:firebase-common:20.4.2] AndroidManifest.xml:35:13-37:85
149                android:name="com.google.firebase.components:com.google.firebase.FirebaseCommonKtxRegistrar"
149-->[com.google.firebase:firebase-common:20.4.2] AndroidManifest.xml:36:17-109
150                android:value="com.google.firebase.components.ComponentRegistrar" />
150-->[com.google.firebase:firebase-common:20.4.2] AndroidManifest.xml:37:17-82
151        </service> <!-- Include the AdActivity and InAppPurchaseActivity configChanges and themes. -->
152        <activity
152-->[com.google.android.gms:play-services-ads-lite:22.0.0] AndroidManifest.xml:53:9-58:43
153            android:name="com.google.android.gms.ads.AdActivity"
153-->[com.google.android.gms:play-services-ads-lite:22.0.0] AndroidManifest.xml:54:13-65
154            android:configChanges="keyboard|keyboardHidden|orientation|screenLayout|uiMode|screenSize|smallestScreenSize"
154-->[com.google.android.gms:play-services-ads-lite:22.0.0] AndroidManifest.xml:55:13-122
155            android:exported="false"
155-->[com.google.android.gms:play-services-ads-lite:22.0.0] AndroidManifest.xml:56:13-37
156            android:theme="@android:style/Theme.Translucent" />
156-->[com.google.android.gms:play-services-ads-lite:22.0.0] AndroidManifest.xml:57:13-61
157
158        <provider
158-->[com.google.android.gms:play-services-ads-lite:22.0.0] AndroidManifest.xml:60:9-65:43
159            android:name="com.google.android.gms.ads.MobileAdsInitProvider"
159-->[com.google.android.gms:play-services-ads-lite:22.0.0] AndroidManifest.xml:61:13-76
160            android:authorities="com.ivy.test.mobileadsinitprovider"
160-->[com.google.android.gms:play-services-ads-lite:22.0.0] AndroidManifest.xml:62:13-73
161            android:exported="false"
161-->[com.google.android.gms:play-services-ads-lite:22.0.0] AndroidManifest.xml:63:13-37
162            android:initOrder="100" />
162-->[com.google.android.gms:play-services-ads-lite:22.0.0] AndroidManifest.xml:64:13-36
163
164        <service
164-->[com.google.android.gms:play-services-ads-lite:22.0.0] AndroidManifest.xml:67:9-71:43
165            android:name="com.google.android.gms.ads.AdService"
165-->[com.google.android.gms:play-services-ads-lite:22.0.0] AndroidManifest.xml:68:13-64
166            android:enabled="true"
166-->[com.google.android.gms:play-services-ads-lite:22.0.0] AndroidManifest.xml:69:13-35
167            android:exported="false" />
167-->[com.google.android.gms:play-services-ads-lite:22.0.0] AndroidManifest.xml:70:13-37
168
169        <activity
169-->[com.google.android.gms:play-services-ads-lite:22.0.0] AndroidManifest.xml:73:9-77:43
170            android:name="com.google.android.gms.ads.OutOfContextTestingActivity"
170-->[com.google.android.gms:play-services-ads-lite:22.0.0] AndroidManifest.xml:74:13-82
171            android:configChanges="keyboard|keyboardHidden|orientation|screenLayout|uiMode|screenSize|smallestScreenSize"
171-->[com.google.android.gms:play-services-ads-lite:22.0.0] AndroidManifest.xml:75:13-122
172            android:exported="false" />
172-->[com.google.android.gms:play-services-ads-lite:22.0.0] AndroidManifest.xml:76:13-37
173        <activity
173-->[com.unity3d.ads:unity-ads:4.6.1] AndroidManifest.xml:15:9-20:74
174            android:name="com.unity3d.services.ads.adunit.AdUnitActivity"
174-->[com.unity3d.ads:unity-ads:4.6.1] AndroidManifest.xml:16:13-74
175            android:configChanges="fontScale|keyboard|keyboardHidden|locale|mnc|mcc|navigation|orientation|screenLayout|screenSize|smallestScreenSize|uiMode|touchscreen"
175-->[com.unity3d.ads:unity-ads:4.6.1] AndroidManifest.xml:17:13-170
176            android:exported="false"
176-->[com.unity3d.ads:unity-ads:4.6.1] AndroidManifest.xml:18:13-37
177            android:hardwareAccelerated="true"
177-->[com.unity3d.ads:unity-ads:4.6.1] AndroidManifest.xml:19:13-47
178            android:theme="@android:style/Theme.NoTitleBar.Fullscreen" />
178-->[com.unity3d.ads:unity-ads:4.6.1] AndroidManifest.xml:20:13-71
179        <activity
179-->[com.unity3d.ads:unity-ads:4.6.1] AndroidManifest.xml:21:9-26:86
180            android:name="com.unity3d.services.ads.adunit.AdUnitTransparentActivity"
180-->[com.unity3d.ads:unity-ads:4.6.1] AndroidManifest.xml:22:13-85
181            android:configChanges="fontScale|keyboard|keyboardHidden|locale|mnc|mcc|navigation|orientation|screenLayout|screenSize|smallestScreenSize|uiMode|touchscreen"
181-->[com.unity3d.ads:unity-ads:4.6.1] AndroidManifest.xml:23:13-170
182            android:exported="false"
182-->[com.unity3d.ads:unity-ads:4.6.1] AndroidManifest.xml:24:13-37
183            android:hardwareAccelerated="true"
183-->[com.unity3d.ads:unity-ads:4.6.1] AndroidManifest.xml:25:13-47
184            android:theme="@android:style/Theme.Translucent.NoTitleBar.Fullscreen" />
184-->[com.unity3d.ads:unity-ads:4.6.1] AndroidManifest.xml:26:13-83
185        <activity
185-->[com.unity3d.ads:unity-ads:4.6.1] AndroidManifest.xml:27:9-32:86
186            android:name="com.unity3d.services.ads.adunit.AdUnitTransparentSoftwareActivity"
186-->[com.unity3d.ads:unity-ads:4.6.1] AndroidManifest.xml:28:13-93
187            android:configChanges="fontScale|keyboard|keyboardHidden|locale|mnc|mcc|navigation|orientation|screenLayout|screenSize|smallestScreenSize|uiMode|touchscreen"
187-->[com.unity3d.ads:unity-ads:4.6.1] AndroidManifest.xml:29:13-170
188            android:exported="false"
188-->[com.unity3d.ads:unity-ads:4.6.1] AndroidManifest.xml:30:13-37
189            android:hardwareAccelerated="false"
189-->[com.unity3d.ads:unity-ads:4.6.1] AndroidManifest.xml:31:13-48
190            android:theme="@android:style/Theme.Translucent.NoTitleBar.Fullscreen" />
190-->[com.unity3d.ads:unity-ads:4.6.1] AndroidManifest.xml:32:13-83
191        <activity
191-->[com.unity3d.ads:unity-ads:4.6.1] AndroidManifest.xml:33:9-38:74
192            android:name="com.unity3d.services.ads.adunit.AdUnitSoftwareActivity"
192-->[com.unity3d.ads:unity-ads:4.6.1] AndroidManifest.xml:34:13-82
193            android:configChanges="fontScale|keyboard|keyboardHidden|locale|mnc|mcc|navigation|orientation|screenLayout|screenSize|smallestScreenSize|uiMode|touchscreen"
193-->[com.unity3d.ads:unity-ads:4.6.1] AndroidManifest.xml:35:13-170
194            android:exported="false"
194-->[com.unity3d.ads:unity-ads:4.6.1] AndroidManifest.xml:36:13-37
195            android:hardwareAccelerated="false"
195-->[com.unity3d.ads:unity-ads:4.6.1] AndroidManifest.xml:37:13-48
196            android:theme="@android:style/Theme.NoTitleBar.Fullscreen" />
196-->[com.unity3d.ads:unity-ads:4.6.1] AndroidManifest.xml:38:13-71
197
198        <provider
198-->[com.unity3d.ads:unity-ads:4.6.1] AndroidManifest.xml:40:9-50:20
199            android:name="androidx.startup.InitializationProvider"
199-->[com.unity3d.ads:unity-ads:4.6.1] AndroidManifest.xml:41:13-67
200            android:authorities="com.ivy.test.androidx-startup"
200-->[com.unity3d.ads:unity-ads:4.6.1] AndroidManifest.xml:42:13-68
201            android:exported="false" >
201-->[androidx.emoji2:emoji2:1.0.0] AndroidManifest.xml:29:13-37
202            <meta-data
202-->[com.unity3d.ads:unity-ads:4.6.1] AndroidManifest.xml:44:13-46:52
203                android:name="androidx.lifecycle.ProcessLifecycleInitializer"
203-->[com.unity3d.ads:unity-ads:4.6.1] AndroidManifest.xml:45:17-78
204                android:value="androidx.startup" />
204-->[com.unity3d.ads:unity-ads:4.6.1] AndroidManifest.xml:46:17-49
205            <meta-data
205-->[com.unity3d.ads:unity-ads:4.6.1] AndroidManifest.xml:47:13-49:52
206                android:name="com.unity3d.services.core.configuration.AdsSdkInitializer"
206-->[com.unity3d.ads:unity-ads:4.6.1] AndroidManifest.xml:48:17-89
207                android:value="androidx.startup" />
207-->[com.unity3d.ads:unity-ads:4.6.1] AndroidManifest.xml:49:17-49
208            <meta-data
208-->[androidx.emoji2:emoji2:1.0.0] AndroidManifest.xml:31:13-33:52
209                android:name="androidx.emoji2.text.EmojiCompatInitializer"
209-->[androidx.emoji2:emoji2:1.0.0] AndroidManifest.xml:32:17-75
210                android:value="androidx.startup" />
210-->[androidx.emoji2:emoji2:1.0.0] AndroidManifest.xml:33:17-49
211            <meta-data
211-->[androidx.work:work-runtime:2.7.0] AndroidManifest.xml:36:13-38:52
212                android:name="androidx.work.WorkManagerInitializer"
212-->[androidx.work:work-runtime:2.7.0] AndroidManifest.xml:37:17-68
213                android:value="androidx.startup" />
213-->[androidx.work:work-runtime:2.7.0] AndroidManifest.xml:38:17-49
214            <meta-data
214-->[com.unity3d.services.identifiers:unity-services-identifiers:1.0.0] AndroidManifest.xml:16:13-18:52
215                android:name="com.unity3d.services.identifiers.UnitySharedLibraryInitializer"
215-->[com.unity3d.services.identifiers:unity-services-identifiers:1.0.0] AndroidManifest.xml:17:17-94
216                android:value="androidx.startup" />
216-->[com.unity3d.services.identifiers:unity-services-identifiers:1.0.0] AndroidManifest.xml:18:17-49
217        </provider>
218        <provider
218-->[com.applovin:applovin-sdk:11.9.0] AndroidManifest.xml:26:9-30:39
219            android:name="com.applovin.sdk.AppLovinInitProvider"
219-->[com.applovin:applovin-sdk:11.9.0] AndroidManifest.xml:27:13-65
220            android:authorities="com.ivy.test.applovininitprovider"
220-->[com.applovin:applovin-sdk:11.9.0] AndroidManifest.xml:28:13-72
221            android:exported="false"
221-->[com.applovin:applovin-sdk:11.9.0] AndroidManifest.xml:29:13-37
222            android:initOrder="101" /> <!-- Init order is 101 so we're before Firebase/Google which uses 100 -->
222-->[com.applovin:applovin-sdk:11.9.0] AndroidManifest.xml:30:13-36
223        <activity
223-->[com.applovin:applovin-sdk:11.9.0] AndroidManifest.xml:32:9-38:50
224            android:name="com.applovin.adview.AppLovinFullscreenActivity"
224-->[com.applovin:applovin-sdk:11.9.0] AndroidManifest.xml:33:13-74
225            android:configChanges="fontScale|keyboard|keyboardHidden|locale|orientation|screenLayout|screenSize|smallestScreenSize|uiMode"
225-->[com.applovin:applovin-sdk:11.9.0] AndroidManifest.xml:34:13-139
226            android:exported="false"
226-->[com.applovin:applovin-sdk:11.9.0] AndroidManifest.xml:35:13-37
227            android:hardwareAccelerated="true"
227-->[com.applovin:applovin-sdk:11.9.0] AndroidManifest.xml:36:13-47
228            android:launchMode="singleTop"
228-->[com.applovin:applovin-sdk:11.9.0] AndroidManifest.xml:37:13-43
229            android:screenOrientation="behind" />
229-->[com.applovin:applovin-sdk:11.9.0] AndroidManifest.xml:38:13-47
230        <activity
230-->[com.applovin:applovin-sdk:11.9.0] AndroidManifest.xml:39:9-41:142
231            android:name="com.applovin.sdk.AppLovinWebViewActivity"
231-->[com.applovin:applovin-sdk:11.9.0] AndroidManifest.xml:40:13-68
232            android:configChanges="fontScale|keyboard|keyboardHidden|locale|orientation|screenLayout|screenSize|smallestScreenSize|uiMode" /> <!-- Hybrid Ad Activities -->
232-->[com.applovin:applovin-sdk:11.9.0] AndroidManifest.xml:41:13-139
233        <activity
233-->[com.applovin:applovin-sdk:11.9.0] AndroidManifest.xml:44:9-46:142
234            android:name="com.applovin.mediation.hybridAds.MaxHybridMRecAdActivity"
234-->[com.applovin:applovin-sdk:11.9.0] AndroidManifest.xml:45:13-84
235            android:configChanges="fontScale|keyboard|keyboardHidden|locale|orientation|screenLayout|screenSize|smallestScreenSize|uiMode" />
235-->[com.applovin:applovin-sdk:11.9.0] AndroidManifest.xml:46:13-139
236        <activity
236-->[com.applovin:applovin-sdk:11.9.0] AndroidManifest.xml:47:9-49:142
237            android:name="com.applovin.mediation.hybridAds.MaxHybridNativeAdActivity"
237-->[com.applovin:applovin-sdk:11.9.0] AndroidManifest.xml:48:13-86
238            android:configChanges="fontScale|keyboard|keyboardHidden|locale|orientation|screenLayout|screenSize|smallestScreenSize|uiMode" /> <!-- Mediation Debugger Activities -->
238-->[com.applovin:applovin-sdk:11.9.0] AndroidManifest.xml:49:13-139
239        <activity
239-->[com.applovin:applovin-sdk:11.9.0] AndroidManifest.xml:52:9-55:87
240            android:name="com.applovin.mediation.MaxDebuggerActivity"
240-->[com.applovin:applovin-sdk:11.9.0] AndroidManifest.xml:53:13-70
241            android:configChanges="fontScale|keyboard|keyboardHidden|locale|orientation|screenLayout|screenSize|smallestScreenSize|uiMode"
241-->[com.applovin:applovin-sdk:11.9.0] AndroidManifest.xml:54:13-139
242            android:theme="@style/com.applovin.mediation.MaxDebuggerActivity.Theme" />
242-->[com.applovin:applovin-sdk:11.9.0] AndroidManifest.xml:55:13-84
243        <activity
243-->[com.applovin:applovin-sdk:11.9.0] AndroidManifest.xml:56:9-59:87
244            android:name="com.applovin.mediation.MaxDebuggerDetailActivity"
244-->[com.applovin:applovin-sdk:11.9.0] AndroidManifest.xml:57:13-76
245            android:configChanges="fontScale|keyboard|keyboardHidden|locale|orientation|screenLayout|screenSize|smallestScreenSize|uiMode"
245-->[com.applovin:applovin-sdk:11.9.0] AndroidManifest.xml:58:13-139